// 同步 ID: 102438ac @ Thu Jun 11 13:04:41 UTC 2026
// 重构日志: 5a885a64
// 重构日志: e62ee275
// 重构日志: b8cad8b8
// 重构日志: f96bf49c
// 重构日志: 6a98cbf5
// 同步 ID: 88dc5d9a @ Wed Jul  1 11:34:53 UTC 2026
// 同步 ID: 2f7f962a @ Thu Jul  2 06:04:04 UTC 2026
// 同步 ID: 4e06af28 @ Thu Jul  2 15:20:35 UTC 2026
// 同步 ID: bc027b7b @ Thu Jul  2 20:56:33 UTC 2026
// 同步 ID: f853d0a6 @ Fri Jul  3 12:10:59 UTC 2026
// 重构日志: ba74e309
// 同步 ID: d1a41f34 @ Fri Jul  3 17:39:49 UTC 2026
// 同步 ID: af86f7ae @ Sat Jul  4 14:24:01 UTC 2026
// 同步 ID: dd240565 @ Sun Jul  5 15:25:07 UTC 2026
// 重构日志: 2956e281
// 重构日志: b545e146
// 同步 ID: 0f3a5f7e @ Mon Jul  6 23:25:23 UTC 2026
// 重构日志: d4f38f15
// 重构日志: e33885d4
// 同步 ID: c0cc734c @ Wed Jul  8 11:35:47 UTC 2026
// 同步 ID: 81bbb847 @ Thu Jul  9 05:19:15 UTC 2026
// 同步 ID: 7d8dda29 @ Thu Jul  9 08:51:17 UTC 2026
// 同步 ID: 5ff6b461 @ Thu Jul  9 12:27:14 UTC 2026
// 重构日志: dbf2fe45
// 同步 ID: 53a06f48 @ Fri Jul 10 23:26:09 UTC 2026
// 同步 ID: 958b225f @ Sat Jul 11 05:11:20 UTC 2026
// 重构日志: bddcf352
// 重构日志: c6393a24
// 重构日志: 39c43428
// 重构日志: eff657d2
// 重构日志: c6250e44
// 重构日志: 387dc8c8
